
*** Running vivado
    with args -log Register_File_test.vds -m64 -product Vivado -mode batch -messageDb vivado.pb -notrace -source Register_File_test.tcl



****** Vivado v2020.1 (64-bit)
  **** SW Build 2902540 on Wed May 27 19:54:49 MDT 2020
  **** IP Build 2902112 on Wed May 27 22:43:36 MDT 2020
    ** Copyright 1986-2020 Xilinx, Inc. All Rights Reserved.

source Register_File_test.tcl -notrace
Command: synth_design -top Register_File_test -part xc7a100tlcsg324-2L
Starting synth_design
Attempting to get a license for feature 'Synthesis' and/or device 'xc7a100tl'
INFO: [Common 17-349] Got license for feature 'Synthesis' and/or device 'xc7a100tl'
INFO: [Device 21-403] Loading part xc7a100tlcsg324-2L
INFO: [Synth 8-7079] Multithreading enabled for synth_design using a maximum of 2 processes.
INFO: [Synth 8-7078] Launching helper process for spawning children vivado processes
INFO: [Synth 8-7075] Helper process launched with PID 20012
---------------------------------------------------------------------------------
Starting RTL Elaboration : Time (s): cpu = 00:00:03 ; elapsed = 00:00:04 . Memory (MB): peak = 1012.914 ; gain = 0.000
---------------------------------------------------------------------------------
INFO: [Synth 8-6157] synthesizing module 'Register_File_test' [E:/vivadoproject/Register_File/Register_File.srcs/sources_1/new/Register_test.v:23]
INFO: [Synth 8-6157] synthesizing module 'Register_File' [E:/vivadoproject/Register_File/Register_File.srcs/sources_1/new/Register_file.v:23]
INFO: [Synth 8-6155] done synthesizing module 'Register_File' (1#1) [E:/vivadoproject/Register_File/Register_File.srcs/sources_1/new/Register_file.v:23]
INFO: [Synth 8-6157] synthesizing module 'Register' [E:/vivadoproject/Register_File/Register_File.srcs/sources_1/new/Register.v:22]
INFO: [Synth 8-6155] done synthesizing module 'Register' (2#1) [E:/vivadoproject/Register_File/Register_File.srcs/sources_1/new/Register.v:22]
INFO: [Synth 8-6157] synthesizing module 'ALU' [E:/vivadoproject/Register_File/Register_File.srcs/sources_1/new/Multifunctional_ALU.v:23]
INFO: [Synth 8-155] case statement is not full and has no default [E:/vivadoproject/Register_File/Register_File.srcs/sources_1/new/Multifunctional_ALU.v:35]
INFO: [Synth 8-6155] done synthesizing module 'ALU' (3#1) [E:/vivadoproject/Register_File/Register_File.srcs/sources_1/new/Multifunctional_ALU.v:23]
INFO: [Synth 8-6157] synthesizing module 'Register_R' [E:/vivadoproject/Register_File/Register_File.srcs/sources_1/new/Register_result.v:23]
INFO: [Synth 8-6155] done synthesizing module 'Register_R' (4#1) [E:/vivadoproject/Register_File/Register_File.srcs/sources_1/new/Register_result.v:23]
INFO: [Synth 8-6157] synthesizing module 'Div' [E:/vivadoproject/Register_File/Register_File.srcs/sources_1/new/Div.v:23]
INFO: [Synth 8-6155] done synthesizing module 'Div' (5#1) [E:/vivadoproject/Register_File/Register_File.srcs/sources_1/new/Div.v:23]
INFO: [Synth 8-6157] synthesizing module 'Display' [E:/vivadoproject/Register_File/Register_File.srcs/sources_1/new/Display.v:23]
INFO: [Synth 8-6155] done synthesizing module 'Display' (6#1) [E:/vivadoproject/Register_File/Register_File.srcs/sources_1/new/Display.v:23]
INFO: [Synth 8-6155] done synthesizing module 'Register_File_test' (7#1) [E:/vivadoproject/Register_File/Register_File.srcs/sources_1/new/Register_test.v:23]
---------------------------------------------------------------------------------
Finished RTL Elaboration : Time (s): cpu = 00:00:04 ; elapsed = 00:00:05 . Memory (MB): peak = 1012.914 ; gain = 0.000
---------------------------------------------------------------------------------
---------------------------------------------------------------------------------
Start Handling Custom Attributes
---------------------------------------------------------------------------------
---------------------------------------------------------------------------------
Finished Handling Custom Attributes : Time (s): cpu = 00:00:05 ; elapsed = 00:00:06 . Memory (MB): peak = 1012.914 ; gain = 0.000
---------------------------------------------------------------------------------
---------------------------------------------------------------------------------
Finished RTL Optimization Phase 1 : Time (s): cpu = 00:00:05 ; elapsed = 00:00:06 . Memory (MB): peak = 1012.914 ; gain = 0.000
---------------------------------------------------------------------------------
Netlist sorting complete. Time (s): cpu = 00:00:00 ; elapsed = 00:00:00.031 . Memory (MB): peak = 1012.914 ; gain = 0.000
INFO: [Project 1-570] Preparing netlist for logic optimization

Processing XDC Constraints
Initializing timing engine
Parsing XDC File [E:/vivadoproject/Register_File/Register_File.srcs/constrs_1/new/RegisterFile.xdc]
WARNING: [Vivado 12-507] No nets matched '_rst_IBUF'. [E:/vivadoproject/Register_File/Register_File.srcs/constrs_1/new/RegisterFile.xdc:5]
CRITICAL WARNING: [Common 17-55] 'set_property' expects at least one object. [E:/vivadoproject/Register_File/Register_File.srcs/constrs_1/new/RegisterFile.xdc:5]
Resolution: If [get_<value>] was used to populate the object, check to make sure this command returns at least one valid object.
WARNING: [Vivado 12-507] No nets matched '_clk_RR_IBUF'. [E:/vivadoproject/Register_File/Register_File.srcs/constrs_1/new/RegisterFile.xdc:8]
CRITICAL WARNING: [Common 17-55] 'set_property' expects at least one object. [E:/vivadoproject/Register_File/Register_File.srcs/constrs_1/new/RegisterFile.xdc:8]
Resolution: If [get_<value>] was used to populate the object, check to make sure this command returns at least one valid object.
WARNING: [Vivado 12-507] No nets matched '_clk_F_IBUF'. [E:/vivadoproject/Register_File/Register_File.srcs/constrs_1/new/RegisterFile.xdc:11]
CRITICAL WARNING: [Common 17-55] 'set_property' expects at least one object. [E:/vivadoproject/Register_File/Register_File.srcs/constrs_1/new/RegisterFile.xdc:11]
Resolution: If [get_<value>] was used to populate the object, check to make sure this command returns at least one valid object.
WARNING: [Vivado 12-507] No nets matched '_clk_R_IBUF'. [E:/vivadoproject/Register_File/Register_File.srcs/constrs_1/new/RegisterFile.xdc:14]
CRITICAL WARNING: [Common 17-55] 'set_property' expects at least one object. [E:/vivadoproject/Register_File/Register_File.srcs/constrs_1/new/RegisterFile.xdc:14]
Resolution: If [get_<value>] was used to populate the object, check to make sure this command returns at least one valid object.
Finished Parsing XDC File [E:/vivadoproject/Register_File/Register_File.srcs/constrs_1/new/RegisterFile.xdc]
INFO: [Project 1-236] Implementation specific constraints were found while reading constraint file [E:/vivadoproject/Register_File/Register_File.srcs/constrs_1/new/RegisterFile.xdc]. These constraints will be ignored for synthesis but will be used in implementation. Impacted constraints are listed in the file [.Xil/Register_File_test_propImpl.xdc].
Resolution: To avoid this warning, move constraints listed in [.Xil/Register_File_test_propImpl.xdc] to another XDC file and exclude this new file from synthesis with the used_in_synthesis property (File Properties dialog in GUI) and re-run elaboration/synthesis.
Completed Processing XDC Constraints

Netlist sorting complete. Time (s): cpu = 00:00:00 ; elapsed = 00:00:00 . Memory (MB): peak = 1012.914 ; gain = 0.000
INFO: [Project 1-111] Unisim Transformation Summary:
No Unisim elements were transformed.

Constraint Validation Runtime : Time (s): cpu = 00:00:00 ; elapsed = 00:00:00.007 . Memory (MB): peak = 1012.914 ; gain = 0.000
---------------------------------------------------------------------------------
Finished Constraint Validation : Time (s): cpu = 00:00:11 ; elapsed = 00:00:11 . Memory (MB): peak = 1012.914 ; gain = 0.000
---------------------------------------------------------------------------------
---------------------------------------------------------------------------------
Start Loading Part and Timing Information
---------------------------------------------------------------------------------
Loading part: xc7a100tlcsg324-2L
---------------------------------------------------------------------------------
Finished Loading Part and Timing Information : Time (s): cpu = 00:00:11 ; elapsed = 00:00:11 . Memory (MB): peak = 1012.914 ; gain = 0.000
---------------------------------------------------------------------------------
---------------------------------------------------------------------------------
Start Applying 'set_property' XDC Constraints
---------------------------------------------------------------------------------
---------------------------------------------------------------------------------
Finished applying 'set_property' XDC Constraints : Time (s): cpu = 00:00:11 ; elapsed = 00:00:12 . Memory (MB): peak = 1012.914 ; gain = 0.000
---------------------------------------------------------------------------------
WARNING: [Synth 8-327] inferring latch for variable 'F_reg' [E:/vivadoproject/Register_File/Register_File.srcs/sources_1/new/Multifunctional_ALU.v:37]
WARNING: [Synth 8-327] inferring latch for variable 'OF_reg' [E:/vivadoproject/Register_File/Register_File.srcs/sources_1/new/Multifunctional_ALU.v:38]
---------------------------------------------------------------------------------
Finished RTL Optimization Phase 2 : Time (s): cpu = 00:00:11 ; elapsed = 00:00:12 . Memory (MB): peak = 1012.914 ; gain = 0.000
---------------------------------------------------------------------------------
---------------------------------------------------------------------------------
Start RTL Component Statistics 
---------------------------------------------------------------------------------
Detailed RTL Component Info : 
+---Adders : 
	   2 Input   33 Bit       Adders := 1     
	   3 Input   33 Bit       Adders := 1     
	   2 Input   32 Bit       Adders := 1     
	   2 Input   26 Bit       Adders := 1     
	   2 Input    3 Bit       Adders := 1     
+---XORs : 
	   2 Input     33 Bit         XORs := 1     
+---Registers : 
	               32 Bit    Registers := 35    
	               26 Bit    Registers := 1     
	                8 Bit    Registers := 2     
	                4 Bit    Registers := 1     
	                3 Bit    Registers := 1     
	                1 Bit    Registers := 1     
+---Muxes : 
	   8 Input   32 Bit        Muxes := 2     
	   2 Input   26 Bit        Muxes := 2     
	   8 Input    8 Bit        Muxes := 1     
	   2 Input    1 Bit        Muxes := 33    
	  11 Input    1 Bit        Muxes := 2     
---------------------------------------------------------------------------------
Finished RTL Component Statistics 
---------------------------------------------------------------------------------
---------------------------------------------------------------------------------
Start Part Resource Summary
---------------------------------------------------------------------------------
Part Resources:
DSPs: 240 (col length:80)
BRAMs: 270 (col length: RAMB18 80 RAMB36 40)
---------------------------------------------------------------------------------
Finished Part Resource Summary
---------------------------------------------------------------------------------
---------------------------------------------------------------------------------
Start Cross Boundary and Area Optimization
---------------------------------------------------------------------------------
---------------------------------------------------------------------------------
Finished Cross Boundary and Area Optimization : Time (s): cpu = 00:00:16 ; elapsed = 00:00:17 . Memory (MB): peak = 1012.914 ; gain = 0.000
---------------------------------------------------------------------------------
---------------------------------------------------------------------------------
Start Applying XDC Timing Constraints
---------------------------------------------------------------------------------
---------------------------------------------------------------------------------
Finished Applying XDC Timing Constraints : Time (s): cpu = 00:00:23 ; elapsed = 00:00:24 . Memory (MB): peak = 1012.914 ; gain = 0.000
---------------------------------------------------------------------------------
---------------------------------------------------------------------------------
Start Timing Optimization
---------------------------------------------------------------------------------
---------------------------------------------------------------------------------
Finished Timing Optimization : Time (s): cpu = 00:00:24 ; elapsed = 00:00:25 . Memory (MB): peak = 1012.914 ; gain = 0.000
---------------------------------------------------------------------------------
---------------------------------------------------------------------------------
Start Technology Mapping
---------------------------------------------------------------------------------
---------------------------------------------------------------------------------
Finished Technology Mapping : Time (s): cpu = 00:00:24 ; elapsed = 00:00:25 . Memory (MB): peak = 1012.914 ; gain = 0.000
---------------------------------------------------------------------------------
---------------------------------------------------------------------------------
Start IO Insertion
---------------------------------------------------------------------------------
---------------------------------------------------------------------------------
Start Flattening Before IO Insertion
---------------------------------------------------------------------------------
---------------------------------------------------------------------------------
Finished Flattening Before IO Insertion
---------------------------------------------------------------------------------
---------------------------------------------------------------------------------
Start Final Netlist Cleanup
---------------------------------------------------------------------------------
---------------------------------------------------------------------------------
Finished Final Netlist Cleanup
---------------------------------------------------------------------------------
---------------------------------------------------------------------------------
Finished IO Insertion : Time (s): cpu = 00:00:27 ; elapsed = 00:00:28 . Memory (MB): peak = 1012.914 ; gain = 0.000
---------------------------------------------------------------------------------
---------------------------------------------------------------------------------
Start Renaming Generated Instances
---------------------------------------------------------------------------------
---------------------------------------------------------------------------------
Finished Renaming Generated Instances : Time (s): cpu = 00:00:27 ; elapsed = 00:00:28 . Memory (MB): peak = 1012.914 ; gain = 0.000
---------------------------------------------------------------------------------
---------------------------------------------------------------------------------
Start Rebuilding User Hierarchy
---------------------------------------------------------------------------------
---------------------------------------------------------------------------------
Finished Rebuilding User Hierarchy : Time (s): cpu = 00:00:27 ; elapsed = 00:00:28 . Memory (MB): peak = 1012.914 ; gain = 0.000
---------------------------------------------------------------------------------
---------------------------------------------------------------------------------
Start Renaming Generated Ports
---------------------------------------------------------------------------------
---------------------------------------------------------------------------------
Finished Renaming Generated Ports : Time (s): cpu = 00:00:27 ; elapsed = 00:00:28 . Memory (MB): peak = 1012.914 ; gain = 0.000
---------------------------------------------------------------------------------
---------------------------------------------------------------------------------
Start Handling Custom Attributes
---------------------------------------------------------------------------------
---------------------------------------------------------------------------------
Finished Handling Custom Attributes : Time (s): cpu = 00:00:27 ; elapsed = 00:00:28 . Memory (MB): peak = 1012.914 ; gain = 0.000
---------------------------------------------------------------------------------
---------------------------------------------------------------------------------
Start Renaming Generated Nets
---------------------------------------------------------------------------------
---------------------------------------------------------------------------------
Finished Renaming Generated Nets : Time (s): cpu = 00:00:27 ; elapsed = 00:00:28 . Memory (MB): peak = 1012.914 ; gain = 0.000
---------------------------------------------------------------------------------
---------------------------------------------------------------------------------
Start Writing Synthesis Report
---------------------------------------------------------------------------------

Report BlackBoxes: 
+-+--------------+----------+
| |BlackBox name |Instances |
+-+--------------+----------+
+-+--------------+----------+

Report Cell Usage: 
+------+-------+------+
|      |Cell   |Count |
+------+-------+------+
|1     |BUFG   |     4|
|2     |CARRY4 |    29|
|3     |LUT1   |     4|
|4     |LUT2   |    41|
|5     |LUT3   |    36|
|6     |LUT4   |    36|
|7     |LUT5   |    51|
|8     |LUT6   |    26|
|9     |FDCE   |    79|
|10    |FDPE   |     9|
|11    |LD     |    34|
|12    |IBUF   |    18|
|13    |OBUF   |    20|
+------+-------+------+
---------------------------------------------------------------------------------
Finished Writing Synthesis Report : Time (s): cpu = 00:00:27 ; elapsed = 00:00:28 . Memory (MB): peak = 1012.914 ; gain = 0.000
---------------------------------------------------------------------------------
Synthesis finished with 0 errors, 0 critical warnings and 2 warnings.
Synthesis Optimization Runtime : Time (s): cpu = 00:00:20 ; elapsed = 00:00:26 . Memory (MB): peak = 1012.914 ; gain = 0.000
Synthesis Optimization Complete : Time (s): cpu = 00:00:27 ; elapsed = 00:00:28 . Memory (MB): peak = 1012.914 ; gain = 0.000
INFO: [Project 1-571] Translating synthesized netlist
Netlist sorting complete. Time (s): cpu = 00:00:00 ; elapsed = 00:00:00.006 . Memory (MB): peak = 1012.914 ; gain = 0.000
INFO: [Netlist 29-17] Analyzing 63 Unisim elements for replacement
INFO: [Netlist 29-28] Unisim Transformation completed in 0 CPU seconds
INFO: [Project 1-570] Preparing netlist for logic optimization
INFO: [Opt 31-138] Pushed 0 inverter(s) to 0 load pin(s).
Netlist sorting complete. Time (s): cpu = 00:00:00 ; elapsed = 00:00:00 . Memory (MB): peak = 1012.914 ; gain = 0.000
INFO: [Project 1-111] Unisim Transformation Summary:
  A total of 34 instances were transformed.
  LD => LDCE: 34 instances

INFO: [Common 17-83] Releasing license: Synthesis
30 Infos, 6 Warnings, 4 Critical Warnings and 0 Errors encountered.
synth_design completed successfully
synth_design: Time (s): cpu = 00:00:32 ; elapsed = 00:00:35 . Memory (MB): peak = 1012.914 ; gain = 0.000
INFO: [Common 17-1381] The checkpoint 'E:/vivadoproject/Register_File/Register_File.runs/synth_1/Register_File_test.dcp' has been generated.
INFO: [runtcl-4] Executing : report_utilization -file Register_File_test_utilization_synth.rpt -pb Register_File_test_utilization_synth.pb
INFO: [Common 17-206] Exiting Vivado at Sun May 16 17:29:45 2021...
