
*** Running vivado
    with args -log taxi.vds -m64 -product Vivado -mode batch -messageDb vivado.pb -notrace -source taxi.tcl



****** Vivado v2020.1 (64-bit)
  **** SW Build 2902540 on Wed May 27 19:54:49 MDT 2020
  **** IP Build 2902112 on Wed May 27 22:43:36 MDT 2020
    ** Copyright 1986-2020 Xilinx, Inc. All Rights Reserved.

source taxi.tcl -notrace
Command: synth_design -top taxi -part xc7a100tlcsg324-2L
Starting synth_design
Attempting to get a license for feature 'Synthesis' and/or device 'xc7a100tl'
INFO: [Common 17-349] Got license for feature 'Synthesis' and/or device 'xc7a100tl'
INFO: [Device 21-403] Loading part xc7a100tlcsg324-2L
INFO: [Synth 8-7079] Multithreading enabled for synth_design using a maximum of 2 processes.
INFO: [Synth 8-7078] Launching helper process for spawning children vivado processes
INFO: [Synth 8-7075] Helper process launched with PID 11004
---------------------------------------------------------------------------------
Starting RTL Elaboration : Time (s): cpu = 00:00:04 ; elapsed = 00:00:04 . Memory (MB): peak = 1013.906 ; gain = 0.000
---------------------------------------------------------------------------------
INFO: [Synth 8-6157] synthesizing module 'taxi' [E:/vivadoproject/taxi_fee/taxi_fee.srcs/sources_1/new/taxi_fee.v:23]
INFO: [Synth 8-6157] synthesizing module 'nixie' [E:/vivadoproject/taxi_fee/taxi_fee.srcs/sources_1/new/taxi_fee.v:144]
WARNING: [Synth 8-311] ignoring non-constant assignment in initial block [E:/vivadoproject/taxi_fee/taxi_fee.srcs/sources_1/new/taxi_fee.v:169]
INFO: [Synth 8-6155] done synthesizing module 'nixie' (1#1) [E:/vivadoproject/taxi_fee/taxi_fee.srcs/sources_1/new/taxi_fee.v:144]
INFO: [Synth 8-226] default block is never used [E:/vivadoproject/taxi_fee/taxi_fee.srcs/sources_1/new/taxi_fee.v:117]
INFO: [Synth 8-6155] done synthesizing module 'taxi' (2#1) [E:/vivadoproject/taxi_fee/taxi_fee.srcs/sources_1/new/taxi_fee.v:23]
---------------------------------------------------------------------------------
Finished RTL Elaboration : Time (s): cpu = 00:00:05 ; elapsed = 00:00:05 . Memory (MB): peak = 1013.906 ; gain = 0.000
---------------------------------------------------------------------------------
---------------------------------------------------------------------------------
Start Handling Custom Attributes
---------------------------------------------------------------------------------
---------------------------------------------------------------------------------
Finished Handling Custom Attributes : Time (s): cpu = 00:00:05 ; elapsed = 00:00:06 . Memory (MB): peak = 1013.906 ; gain = 0.000
---------------------------------------------------------------------------------
---------------------------------------------------------------------------------
Finished RTL Optimization Phase 1 : Time (s): cpu = 00:00:05 ; elapsed = 00:00:06 . Memory (MB): peak = 1013.906 ; gain = 0.000
---------------------------------------------------------------------------------
Netlist sorting complete. Time (s): cpu = 00:00:00 ; elapsed = 00:00:00.005 . Memory (MB): peak = 1013.906 ; gain = 0.000
INFO: [Project 1-570] Preparing netlist for logic optimization

Processing XDC Constraints
Initializing timing engine
Parsing XDC File [E:/vivadoproject/taxi_fee/taxi_fee.srcs/constrs_1/new/tube.xdc]
WARNING: [Vivado 12-584] No ports matched 'distance'. [E:/vivadoproject/taxi_fee/taxi_fee.srcs/constrs_1/new/tube.xdc:16]
CRITICAL WARNING: [Common 17-55] 'set_property' expects at least one object. [E:/vivadoproject/taxi_fee/taxi_fee.srcs/constrs_1/new/tube.xdc:16]
Resolution: If [get_<value>] was used to populate the object, check to make sure this command returns at least one valid object.
WARNING: [Vivado 12-584] No ports matched 'distance[13]'. [E:/vivadoproject/taxi_fee/taxi_fee.srcs/constrs_1/new/tube.xdc:17]
CRITICAL WARNING: [Common 17-55] 'set_property' expects at least one object. [E:/vivadoproject/taxi_fee/taxi_fee.srcs/constrs_1/new/tube.xdc:17]
Resolution: If [get_<value>] was used to populate the object, check to make sure this command returns at least one valid object.
WARNING: [Vivado 12-584] No ports matched 'distance[12]'. [E:/vivadoproject/taxi_fee/taxi_fee.srcs/constrs_1/new/tube.xdc:18]
CRITICAL WARNING: [Common 17-55] 'set_property' expects at least one object. [E:/vivadoproject/taxi_fee/taxi_fee.srcs/constrs_1/new/tube.xdc:18]
Resolution: If [get_<value>] was used to populate the object, check to make sure this command returns at least one valid object.
WARNING: [Vivado 12-584] No ports matched 'distance[11]'. [E:/vivadoproject/taxi_fee/taxi_fee.srcs/constrs_1/new/tube.xdc:19]
CRITICAL WARNING: [Common 17-55] 'set_property' expects at least one object. [E:/vivadoproject/taxi_fee/taxi_fee.srcs/constrs_1/new/tube.xdc:19]
Resolution: If [get_<value>] was used to populate the object, check to make sure this command returns at least one valid object.
WARNING: [Vivado 12-584] No ports matched 'distance[10]'. [E:/vivadoproject/taxi_fee/taxi_fee.srcs/constrs_1/new/tube.xdc:20]
CRITICAL WARNING: [Common 17-55] 'set_property' expects at least one object. [E:/vivadoproject/taxi_fee/taxi_fee.srcs/constrs_1/new/tube.xdc:20]
Resolution: If [get_<value>] was used to populate the object, check to make sure this command returns at least one valid object.
WARNING: [Vivado 12-584] No ports matched 'distance[9]'. [E:/vivadoproject/taxi_fee/taxi_fee.srcs/constrs_1/new/tube.xdc:21]
CRITICAL WARNING: [Common 17-55] 'set_property' expects at least one object. [E:/vivadoproject/taxi_fee/taxi_fee.srcs/constrs_1/new/tube.xdc:21]
Resolution: If [get_<value>] was used to populate the object, check to make sure this command returns at least one valid object.
WARNING: [Vivado 12-584] No ports matched 'distance[8]'. [E:/vivadoproject/taxi_fee/taxi_fee.srcs/constrs_1/new/tube.xdc:22]
CRITICAL WARNING: [Common 17-55] 'set_property' expects at least one object. [E:/vivadoproject/taxi_fee/taxi_fee.srcs/constrs_1/new/tube.xdc:22]
Resolution: If [get_<value>] was used to populate the object, check to make sure this command returns at least one valid object.
WARNING: [Vivado 12-584] No ports matched 'distance[7]'. [E:/vivadoproject/taxi_fee/taxi_fee.srcs/constrs_1/new/tube.xdc:23]
CRITICAL WARNING: [Common 17-55] 'set_property' expects at least one object. [E:/vivadoproject/taxi_fee/taxi_fee.srcs/constrs_1/new/tube.xdc:23]
Resolution: If [get_<value>] was used to populate the object, check to make sure this command returns at least one valid object.
WARNING: [Vivado 12-584] No ports matched 'distance[6]'. [E:/vivadoproject/taxi_fee/taxi_fee.srcs/constrs_1/new/tube.xdc:24]
CRITICAL WARNING: [Common 17-55] 'set_property' expects at least one object. [E:/vivadoproject/taxi_fee/taxi_fee.srcs/constrs_1/new/tube.xdc:24]
Resolution: If [get_<value>] was used to populate the object, check to make sure this command returns at least one valid object.
WARNING: [Vivado 12-584] No ports matched 'distance[5]'. [E:/vivadoproject/taxi_fee/taxi_fee.srcs/constrs_1/new/tube.xdc:25]
CRITICAL WARNING: [Common 17-55] 'set_property' expects at least one object. [E:/vivadoproject/taxi_fee/taxi_fee.srcs/constrs_1/new/tube.xdc:25]
Resolution: If [get_<value>] was used to populate the object, check to make sure this command returns at least one valid object.
WARNING: [Vivado 12-584] No ports matched 'distance[4]'. [E:/vivadoproject/taxi_fee/taxi_fee.srcs/constrs_1/new/tube.xdc:26]
CRITICAL WARNING: [Common 17-55] 'set_property' expects at least one object. [E:/vivadoproject/taxi_fee/taxi_fee.srcs/constrs_1/new/tube.xdc:26]
Resolution: If [get_<value>] was used to populate the object, check to make sure this command returns at least one valid object.
WARNING: [Vivado 12-584] No ports matched 'distance[3]'. [E:/vivadoproject/taxi_fee/taxi_fee.srcs/constrs_1/new/tube.xdc:27]
CRITICAL WARNING: [Common 17-55] 'set_property' expects at least one object. [E:/vivadoproject/taxi_fee/taxi_fee.srcs/constrs_1/new/tube.xdc:27]
Resolution: If [get_<value>] was used to populate the object, check to make sure this command returns at least one valid object.
WARNING: [Vivado 12-584] No ports matched 'distance[2]'. [E:/vivadoproject/taxi_fee/taxi_fee.srcs/constrs_1/new/tube.xdc:28]
CRITICAL WARNING: [Common 17-55] 'set_property' expects at least one object. [E:/vivadoproject/taxi_fee/taxi_fee.srcs/constrs_1/new/tube.xdc:28]
Resolution: If [get_<value>] was used to populate the object, check to make sure this command returns at least one valid object.
WARNING: [Vivado 12-584] No ports matched 'distance[1]'. [E:/vivadoproject/taxi_fee/taxi_fee.srcs/constrs_1/new/tube.xdc:29]
CRITICAL WARNING: [Common 17-55] 'set_property' expects at least one object. [E:/vivadoproject/taxi_fee/taxi_fee.srcs/constrs_1/new/tube.xdc:29]
Resolution: If [get_<value>] was used to populate the object, check to make sure this command returns at least one valid object.
WARNING: [Vivado 12-584] No ports matched 'distance[0]'. [E:/vivadoproject/taxi_fee/taxi_fee.srcs/constrs_1/new/tube.xdc:30]
CRITICAL WARNING: [Common 17-55] 'set_property' expects at least one object. [E:/vivadoproject/taxi_fee/taxi_fee.srcs/constrs_1/new/tube.xdc:30]
Resolution: If [get_<value>] was used to populate the object, check to make sure this command returns at least one valid object.
Finished Parsing XDC File [E:/vivadoproject/taxi_fee/taxi_fee.srcs/constrs_1/new/tube.xdc]
INFO: [Project 1-236] Implementation specific constraints were found while reading constraint file [E:/vivadoproject/taxi_fee/taxi_fee.srcs/constrs_1/new/tube.xdc]. These constraints will be ignored for synthesis but will be used in implementation. Impacted constraints are listed in the file [.Xil/taxi_propImpl.xdc].
Resolution: To avoid this warning, move constraints listed in [.Xil/taxi_propImpl.xdc] to another XDC file and exclude this new file from synthesis with the used_in_synthesis property (File Properties dialog in GUI) and re-run elaboration/synthesis.
Completed Processing XDC Constraints

Netlist sorting complete. Time (s): cpu = 00:00:00 ; elapsed = 00:00:00 . Memory (MB): peak = 1013.906 ; gain = 0.000
INFO: [Project 1-111] Unisim Transformation Summary:
No Unisim elements were transformed.

Constraint Validation Runtime : Time (s): cpu = 00:00:00 ; elapsed = 00:00:00.002 . Memory (MB): peak = 1013.906 ; gain = 0.000
---------------------------------------------------------------------------------
Finished Constraint Validation : Time (s): cpu = 00:00:11 ; elapsed = 00:00:11 . Memory (MB): peak = 1013.906 ; gain = 0.000
---------------------------------------------------------------------------------
---------------------------------------------------------------------------------
Start Loading Part and Timing Information
---------------------------------------------------------------------------------
Loading part: xc7a100tlcsg324-2L
---------------------------------------------------------------------------------
Finished Loading Part and Timing Information : Time (s): cpu = 00:00:11 ; elapsed = 00:00:11 . Memory (MB): peak = 1013.906 ; gain = 0.000
---------------------------------------------------------------------------------
---------------------------------------------------------------------------------
Start Applying 'set_property' XDC Constraints
---------------------------------------------------------------------------------
---------------------------------------------------------------------------------
Finished applying 'set_property' XDC Constraints : Time (s): cpu = 00:00:11 ; elapsed = 00:00:11 . Memory (MB): peak = 1013.906 ; gain = 0.000
---------------------------------------------------------------------------------
---------------------------------------------------------------------------------
Finished RTL Optimization Phase 2 : Time (s): cpu = 00:00:12 ; elapsed = 00:00:12 . Memory (MB): peak = 1013.906 ; gain = 0.000
---------------------------------------------------------------------------------
---------------------------------------------------------------------------------
Start RTL Component Statistics 
---------------------------------------------------------------------------------
Detailed RTL Component Info : 
+---Adders : 
	   2 Input   25 Bit       Adders := 1     
	   2 Input   18 Bit       Adders := 1     
	   2 Input   14 Bit       Adders := 2     
	   2 Input    4 Bit       Adders := 2     
+---Registers : 
	               25 Bit    Registers := 1     
	               18 Bit    Registers := 1     
	               14 Bit    Registers := 4     
	                8 Bit    Registers := 2     
	                4 Bit    Registers := 3     
	                3 Bit    Registers := 1     
	                1 Bit    Registers := 2     
+---Muxes : 
	   2 Input   18 Bit        Muxes := 1     
	   2 Input   14 Bit        Muxes := 5     
	  12 Input    8 Bit        Muxes := 1     
	   2 Input    8 Bit        Muxes := 1     
	   2 Input    6 Bit        Muxes := 2     
	   2 Input    5 Bit        Muxes := 1     
	   2 Input    4 Bit        Muxes := 1     
	   4 Input    3 Bit        Muxes := 1     
	   2 Input    3 Bit        Muxes := 1     
	   2 Input    1 Bit        Muxes := 3     
---------------------------------------------------------------------------------
Finished RTL Component Statistics 
---------------------------------------------------------------------------------
---------------------------------------------------------------------------------
Start Part Resource Summary
---------------------------------------------------------------------------------
Part Resources:
DSPs: 240 (col length:80)
BRAMs: 270 (col length: RAMB18 80 RAMB36 40)
---------------------------------------------------------------------------------
Finished Part Resource Summary
---------------------------------------------------------------------------------
---------------------------------------------------------------------------------
Start Cross Boundary and Area Optimization
---------------------------------------------------------------------------------
---------------------------------------------------------------------------------
Finished Cross Boundary and Area Optimization : Time (s): cpu = 00:00:16 ; elapsed = 00:00:16 . Memory (MB): peak = 1013.906 ; gain = 0.000
---------------------------------------------------------------------------------
---------------------------------------------------------------------------------
Start Applying XDC Timing Constraints
---------------------------------------------------------------------------------
---------------------------------------------------------------------------------
Finished Applying XDC Timing Constraints : Time (s): cpu = 00:00:22 ; elapsed = 00:00:23 . Memory (MB): peak = 1013.906 ; gain = 0.000
---------------------------------------------------------------------------------
---------------------------------------------------------------------------------
Start Timing Optimization
---------------------------------------------------------------------------------
---------------------------------------------------------------------------------
Finished Timing Optimization : Time (s): cpu = 00:00:22 ; elapsed = 00:00:23 . Memory (MB): peak = 1013.906 ; gain = 0.000
---------------------------------------------------------------------------------
---------------------------------------------------------------------------------
Start Technology Mapping
---------------------------------------------------------------------------------
---------------------------------------------------------------------------------
Finished Technology Mapping : Time (s): cpu = 00:00:22 ; elapsed = 00:00:23 . Memory (MB): peak = 1013.906 ; gain = 0.000
---------------------------------------------------------------------------------
---------------------------------------------------------------------------------
Start IO Insertion
---------------------------------------------------------------------------------
---------------------------------------------------------------------------------
Start Flattening Before IO Insertion
---------------------------------------------------------------------------------
---------------------------------------------------------------------------------
Finished Flattening Before IO Insertion
---------------------------------------------------------------------------------
---------------------------------------------------------------------------------
Start Final Netlist Cleanup
---------------------------------------------------------------------------------
---------------------------------------------------------------------------------
Finished Final Netlist Cleanup
---------------------------------------------------------------------------------
---------------------------------------------------------------------------------
Finished IO Insertion : Time (s): cpu = 00:00:26 ; elapsed = 00:00:26 . Memory (MB): peak = 1013.906 ; gain = 0.000
---------------------------------------------------------------------------------
---------------------------------------------------------------------------------
Start Renaming Generated Instances
---------------------------------------------------------------------------------
---------------------------------------------------------------------------------
Finished Renaming Generated Instances : Time (s): cpu = 00:00:26 ; elapsed = 00:00:26 . Memory (MB): peak = 1013.906 ; gain = 0.000
---------------------------------------------------------------------------------
---------------------------------------------------------------------------------
Start Rebuilding User Hierarchy
---------------------------------------------------------------------------------
---------------------------------------------------------------------------------
Finished Rebuilding User Hierarchy : Time (s): cpu = 00:00:26 ; elapsed = 00:00:26 . Memory (MB): peak = 1013.906 ; gain = 0.000
---------------------------------------------------------------------------------
---------------------------------------------------------------------------------
Start Renaming Generated Ports
---------------------------------------------------------------------------------
---------------------------------------------------------------------------------
Finished Renaming Generated Ports : Time (s): cpu = 00:00:26 ; elapsed = 00:00:26 . Memory (MB): peak = 1013.906 ; gain = 0.000
---------------------------------------------------------------------------------
---------------------------------------------------------------------------------
Start Handling Custom Attributes
---------------------------------------------------------------------------------
---------------------------------------------------------------------------------
Finished Handling Custom Attributes : Time (s): cpu = 00:00:26 ; elapsed = 00:00:26 . Memory (MB): peak = 1013.906 ; gain = 0.000
---------------------------------------------------------------------------------
---------------------------------------------------------------------------------
Start Renaming Generated Nets
---------------------------------------------------------------------------------
---------------------------------------------------------------------------------
Finished Renaming Generated Nets : Time (s): cpu = 00:00:26 ; elapsed = 00:00:26 . Memory (MB): peak = 1013.906 ; gain = 0.000
---------------------------------------------------------------------------------
---------------------------------------------------------------------------------
Start Writing Synthesis Report
---------------------------------------------------------------------------------

Report BlackBoxes: 
+-+--------------+----------+
| |BlackBox name |Instances |
+-+--------------+----------+
+-+--------------+----------+

Report Cell Usage: 
+------+-------+------+
|      |Cell   |Count |
+------+-------+------+
|1     |BUFG   |     1|
|2     |CARRY4 |    19|
|3     |LUT1   |     5|
|4     |LUT2   |     8|
|5     |LUT3   |    14|
|6     |LUT4   |    23|
|7     |LUT5   |     3|
|8     |LUT6   |    25|
|9     |FDRE   |    82|
|10    |IBUF   |     7|
|11    |OBUF   |    17|
+------+-------+------+
---------------------------------------------------------------------------------
Finished Writing Synthesis Report : Time (s): cpu = 00:00:26 ; elapsed = 00:00:26 . Memory (MB): peak = 1013.906 ; gain = 0.000
---------------------------------------------------------------------------------
Synthesis finished with 0 errors, 0 critical warnings and 0 warnings.
Synthesis Optimization Runtime : Time (s): cpu = 00:00:19 ; elapsed = 00:00:25 . Memory (MB): peak = 1013.906 ; gain = 0.000
Synthesis Optimization Complete : Time (s): cpu = 00:00:26 ; elapsed = 00:00:27 . Memory (MB): peak = 1013.906 ; gain = 0.000
INFO: [Project 1-571] Translating synthesized netlist
Netlist sorting complete. Time (s): cpu = 00:00:00 ; elapsed = 00:00:00.004 . Memory (MB): peak = 1013.906 ; gain = 0.000
INFO: [Netlist 29-17] Analyzing 19 Unisim elements for replacement
INFO: [Netlist 29-28] Unisim Transformation completed in 0 CPU seconds
INFO: [Project 1-570] Preparing netlist for logic optimization
INFO: [Opt 31-138] Pushed 0 inverter(s) to 0 load pin(s).
Netlist sorting complete. Time (s): cpu = 00:00:00 ; elapsed = 00:00:00 . Memory (MB): peak = 1013.906 ; gain = 0.000
INFO: [Project 1-111] Unisim Transformation Summary:
No Unisim elements were transformed.

INFO: [Common 17-83] Releasing license: Synthesis
20 Infos, 16 Warnings, 15 Critical Warnings and 0 Errors encountered.
synth_design completed successfully
synth_design: Time (s): cpu = 00:00:31 ; elapsed = 00:00:33 . Memory (MB): peak = 1013.906 ; gain = 0.000
INFO: [Common 17-1381] The checkpoint 'E:/vivadoproject/taxi_fee/taxi_fee.runs/synth_1/taxi.dcp' has been generated.
INFO: [runtcl-4] Executing : report_utilization -file taxi_utilization_synth.rpt -pb taxi_utilization_synth.pb
INFO: [Common 17-206] Exiting Vivado at Fri Jan  8 22:40:39 2021...
