
*** Running vivado
    with args -log tube_display.vds -m64 -product Vivado -mode batch -messageDb vivado.pb -notrace -source tube_display.tcl



****** Vivado v2020.1 (64-bit)
  **** SW Build 2902540 on Wed May 27 19:54:49 MDT 2020
  **** IP Build 2902112 on Wed May 27 22:43:36 MDT 2020
    ** Copyright 1986-2020 Xilinx, Inc. All Rights Reserved.

source tube_display.tcl -notrace
Command: synth_design -top tube_display -part xc7a100tlcsg324-2L
Starting synth_design
Attempting to get a license for feature 'Synthesis' and/or device 'xc7a100tl'
INFO: [Common 17-349] Got license for feature 'Synthesis' and/or device 'xc7a100tl'
INFO: [Device 21-403] Loading part xc7a100tlcsg324-2L
INFO: [Synth 8-7079] Multithreading enabled for synth_design using a maximum of 2 processes.
INFO: [Synth 8-7078] Launching helper process for spawning children vivado processes
INFO: [Synth 8-7075] Helper process launched with PID 10812
---------------------------------------------------------------------------------
Starting RTL Elaboration : Time (s): cpu = 00:00:04 ; elapsed = 00:00:06 . Memory (MB): peak = 1014.309 ; gain = 0.000
---------------------------------------------------------------------------------
INFO: [Synth 8-6157] synthesizing module 'tube_display' [E:/vivadoproject/tube_display/tube_display.srcs/sources_1/new/cube_display.v:22]
	Parameter limit bound to: 4'b1010 
INFO: [Synth 8-6157] synthesizing module 'DivFreD' [E:/vivadoproject/tube_display/tube_display.srcs/sources_1/new/cube_display.v:233]
	Parameter num bound to: 10000 - type: integer 
INFO: [Synth 8-6155] done synthesizing module 'DivFreD' (1#1) [E:/vivadoproject/tube_display/tube_display.srcs/sources_1/new/cube_display.v:233]
INFO: [Synth 8-6157] synthesizing module 'DivFreP' [E:/vivadoproject/tube_display/tube_display.srcs/sources_1/new/cube_display.v:211]
	Parameter num bound to: 10000000 - type: integer 
INFO: [Synth 8-6155] done synthesizing module 'DivFreP' (2#1) [E:/vivadoproject/tube_display/tube_display.srcs/sources_1/new/cube_display.v:211]
INFO: [Synth 8-155] case statement is not full and has no default [E:/vivadoproject/tube_display/tube_display.srcs/sources_1/new/cube_display.v:92]
INFO: [Synth 8-155] case statement is not full and has no default [E:/vivadoproject/tube_display/tube_display.srcs/sources_1/new/cube_display.v:106]
INFO: [Synth 8-155] case statement is not full and has no default [E:/vivadoproject/tube_display/tube_display.srcs/sources_1/new/cube_display.v:120]
INFO: [Synth 8-155] case statement is not full and has no default [E:/vivadoproject/tube_display/tube_display.srcs/sources_1/new/cube_display.v:134]
INFO: [Synth 8-155] case statement is not full and has no default [E:/vivadoproject/tube_display/tube_display.srcs/sources_1/new/cube_display.v:148]
INFO: [Synth 8-155] case statement is not full and has no default [E:/vivadoproject/tube_display/tube_display.srcs/sources_1/new/cube_display.v:162]
INFO: [Synth 8-155] case statement is not full and has no default [E:/vivadoproject/tube_display/tube_display.srcs/sources_1/new/cube_display.v:176]
INFO: [Synth 8-155] case statement is not full and has no default [E:/vivadoproject/tube_display/tube_display.srcs/sources_1/new/cube_display.v:190]
INFO: [Synth 8-155] case statement is not full and has no default [E:/vivadoproject/tube_display/tube_display.srcs/sources_1/new/cube_display.v:90]
INFO: [Synth 8-6155] done synthesizing module 'tube_display' (3#1) [E:/vivadoproject/tube_display/tube_display.srcs/sources_1/new/cube_display.v:22]
---------------------------------------------------------------------------------
Finished RTL Elaboration : Time (s): cpu = 00:00:06 ; elapsed = 00:00:07 . Memory (MB): peak = 1014.309 ; gain = 0.000
---------------------------------------------------------------------------------
---------------------------------------------------------------------------------
Start Handling Custom Attributes
---------------------------------------------------------------------------------
---------------------------------------------------------------------------------
Finished Handling Custom Attributes : Time (s): cpu = 00:00:06 ; elapsed = 00:00:08 . Memory (MB): peak = 1014.309 ; gain = 0.000
---------------------------------------------------------------------------------
---------------------------------------------------------------------------------
Finished RTL Optimization Phase 1 : Time (s): cpu = 00:00:06 ; elapsed = 00:00:08 . Memory (MB): peak = 1014.309 ; gain = 0.000
---------------------------------------------------------------------------------
Netlist sorting complete. Time (s): cpu = 00:00:00 ; elapsed = 00:00:00.005 . Memory (MB): peak = 1014.309 ; gain = 0.000
INFO: [Project 1-570] Preparing netlist for logic optimization

Processing XDC Constraints
Initializing timing engine
Parsing XDC File [E:/vivadoproject/tube_display/tube_display.srcs/constrs_1/new/tube_display.xdc]
WARNING: [Vivado 12-507] No nets matched '_rst_IBUF'. [E:/vivadoproject/tube_display/tube_display.srcs/constrs_1/new/tube_display.xdc:5]
CRITICAL WARNING: [Common 17-55] 'set_property' expects at least one object. [E:/vivadoproject/tube_display/tube_display.srcs/constrs_1/new/tube_display.xdc:5]
Resolution: If [get_<value>] was used to populate the object, check to make sure this command returns at least one valid object.
Finished Parsing XDC File [E:/vivadoproject/tube_display/tube_display.srcs/constrs_1/new/tube_display.xdc]
INFO: [Project 1-236] Implementation specific constraints were found while reading constraint file [E:/vivadoproject/tube_display/tube_display.srcs/constrs_1/new/tube_display.xdc]. These constraints will be ignored for synthesis but will be used in implementation. Impacted constraints are listed in the file [.Xil/tube_display_propImpl.xdc].
Resolution: To avoid this warning, move constraints listed in [.Xil/tube_display_propImpl.xdc] to another XDC file and exclude this new file from synthesis with the used_in_synthesis property (File Properties dialog in GUI) and re-run elaboration/synthesis.
Completed Processing XDC Constraints

Netlist sorting complete. Time (s): cpu = 00:00:00 ; elapsed = 00:00:00 . Memory (MB): peak = 1014.309 ; gain = 0.000
INFO: [Project 1-111] Unisim Transformation Summary:
No Unisim elements were transformed.

Constraint Validation Runtime : Time (s): cpu = 00:00:00 ; elapsed = 00:00:00.021 . Memory (MB): peak = 1014.309 ; gain = 0.000
---------------------------------------------------------------------------------
Finished Constraint Validation : Time (s): cpu = 00:00:12 ; elapsed = 00:00:15 . Memory (MB): peak = 1014.309 ; gain = 0.000
---------------------------------------------------------------------------------
---------------------------------------------------------------------------------
Start Loading Part and Timing Information
---------------------------------------------------------------------------------
Loading part: xc7a100tlcsg324-2L
---------------------------------------------------------------------------------
Finished Loading Part and Timing Information : Time (s): cpu = 00:00:12 ; elapsed = 00:00:15 . Memory (MB): peak = 1014.309 ; gain = 0.000
---------------------------------------------------------------------------------
---------------------------------------------------------------------------------
Start Applying 'set_property' XDC Constraints
---------------------------------------------------------------------------------
---------------------------------------------------------------------------------
Finished applying 'set_property' XDC Constraints : Time (s): cpu = 00:00:12 ; elapsed = 00:00:15 . Memory (MB): peak = 1014.309 ; gain = 0.000
---------------------------------------------------------------------------------
---------------------------------------------------------------------------------
Finished RTL Optimization Phase 2 : Time (s): cpu = 00:00:13 ; elapsed = 00:00:15 . Memory (MB): peak = 1014.309 ; gain = 0.000
---------------------------------------------------------------------------------
---------------------------------------------------------------------------------
Start RTL Component Statistics 
---------------------------------------------------------------------------------
Detailed RTL Component Info : 
+---Adders : 
	   2 Input   24 Bit       Adders := 1     
	   2 Input   14 Bit       Adders := 1     
	   2 Input    4 Bit       Adders := 8     
	   2 Input    3 Bit       Adders := 1     
+---Registers : 
	               32 Bit    Registers := 1     
	               25 Bit    Registers := 1     
	               21 Bit    Registers := 1     
	                8 Bit    Registers := 3     
	                3 Bit    Registers := 1     
	                1 Bit    Registers := 2     
+---Muxes : 
	   2 Input   32 Bit        Muxes := 2     
	   2 Input   24 Bit        Muxes := 1     
	   2 Input   14 Bit        Muxes := 1     
	   8 Input    8 Bit        Muxes := 2     
	   2 Input    8 Bit        Muxes := 24    
	   2 Input    4 Bit        Muxes := 4     
	   8 Input    3 Bit        Muxes := 1     
	  11 Input    1 Bit        Muxes := 8     
---------------------------------------------------------------------------------
Finished RTL Component Statistics 
---------------------------------------------------------------------------------
---------------------------------------------------------------------------------
Start Part Resource Summary
---------------------------------------------------------------------------------
Part Resources:
DSPs: 240 (col length:80)
BRAMs: 270 (col length: RAMB18 80 RAMB36 40)
---------------------------------------------------------------------------------
Finished Part Resource Summary
---------------------------------------------------------------------------------
---------------------------------------------------------------------------------
Start Cross Boundary and Area Optimization
---------------------------------------------------------------------------------
---------------------------------------------------------------------------------
Finished Cross Boundary and Area Optimization : Time (s): cpu = 00:00:15 ; elapsed = 00:00:18 . Memory (MB): peak = 1014.309 ; gain = 0.000
---------------------------------------------------------------------------------
---------------------------------------------------------------------------------
Start Applying XDC Timing Constraints
---------------------------------------------------------------------------------
---------------------------------------------------------------------------------
Finished Applying XDC Timing Constraints : Time (s): cpu = 00:00:22 ; elapsed = 00:00:25 . Memory (MB): peak = 1014.309 ; gain = 0.000
---------------------------------------------------------------------------------
---------------------------------------------------------------------------------
Start Timing Optimization
---------------------------------------------------------------------------------
---------------------------------------------------------------------------------
Finished Timing Optimization : Time (s): cpu = 00:00:22 ; elapsed = 00:00:25 . Memory (MB): peak = 1014.309 ; gain = 0.000
---------------------------------------------------------------------------------
---------------------------------------------------------------------------------
Start Technology Mapping
---------------------------------------------------------------------------------
---------------------------------------------------------------------------------
Finished Technology Mapping : Time (s): cpu = 00:00:22 ; elapsed = 00:00:26 . Memory (MB): peak = 1014.309 ; gain = 0.000
---------------------------------------------------------------------------------
---------------------------------------------------------------------------------
Start IO Insertion
---------------------------------------------------------------------------------
---------------------------------------------------------------------------------
Start Flattening Before IO Insertion
---------------------------------------------------------------------------------
---------------------------------------------------------------------------------
Finished Flattening Before IO Insertion
---------------------------------------------------------------------------------
---------------------------------------------------------------------------------
Start Final Netlist Cleanup
---------------------------------------------------------------------------------
---------------------------------------------------------------------------------
Finished Final Netlist Cleanup
---------------------------------------------------------------------------------
---------------------------------------------------------------------------------
Finished IO Insertion : Time (s): cpu = 00:00:26 ; elapsed = 00:00:29 . Memory (MB): peak = 1014.309 ; gain = 0.000
---------------------------------------------------------------------------------
---------------------------------------------------------------------------------
Start Renaming Generated Instances
---------------------------------------------------------------------------------
---------------------------------------------------------------------------------
Finished Renaming Generated Instances : Time (s): cpu = 00:00:26 ; elapsed = 00:00:29 . Memory (MB): peak = 1014.309 ; gain = 0.000
---------------------------------------------------------------------------------
---------------------------------------------------------------------------------
Start Rebuilding User Hierarchy
---------------------------------------------------------------------------------
---------------------------------------------------------------------------------
Finished Rebuilding User Hierarchy : Time (s): cpu = 00:00:26 ; elapsed = 00:00:29 . Memory (MB): peak = 1014.309 ; gain = 0.000
---------------------------------------------------------------------------------
---------------------------------------------------------------------------------
Start Renaming Generated Ports
---------------------------------------------------------------------------------
---------------------------------------------------------------------------------
Finished Renaming Generated Ports : Time (s): cpu = 00:00:26 ; elapsed = 00:00:29 . Memory (MB): peak = 1014.309 ; gain = 0.000
---------------------------------------------------------------------------------
---------------------------------------------------------------------------------
Start Handling Custom Attributes
---------------------------------------------------------------------------------
---------------------------------------------------------------------------------
Finished Handling Custom Attributes : Time (s): cpu = 00:00:26 ; elapsed = 00:00:29 . Memory (MB): peak = 1014.309 ; gain = 0.000
---------------------------------------------------------------------------------
---------------------------------------------------------------------------------
Start Renaming Generated Nets
---------------------------------------------------------------------------------
---------------------------------------------------------------------------------
Finished Renaming Generated Nets : Time (s): cpu = 00:00:26 ; elapsed = 00:00:29 . Memory (MB): peak = 1014.309 ; gain = 0.000
---------------------------------------------------------------------------------
---------------------------------------------------------------------------------
Start Writing Synthesis Report
---------------------------------------------------------------------------------

Report BlackBoxes: 
+-+--------------+----------+
| |BlackBox name |Instances |
+-+--------------+----------+
+-+--------------+----------+

Report Cell Usage: 
+------+-------+------+
|      |Cell   |Count |
+------+-------+------+
|1     |BUFG   |     2|
|2     |CARRY4 |    10|
|3     |LUT1   |     2|
|4     |LUT2   |     9|
|5     |LUT3   |     7|
|6     |LUT4   |    49|
|7     |LUT5   |    53|
|8     |LUT6   |    67|
|9     |MUXF7  |     4|
|10    |FDCE   |    88|
|11    |FDPE   |     1|
|12    |FDSE   |     8|
|13    |IBUF   |     2|
|14    |OBUF   |    16|
+------+-------+------+
---------------------------------------------------------------------------------
Finished Writing Synthesis Report : Time (s): cpu = 00:00:26 ; elapsed = 00:00:29 . Memory (MB): peak = 1014.309 ; gain = 0.000
---------------------------------------------------------------------------------
Synthesis finished with 0 errors, 0 critical warnings and 0 warnings.
Synthesis Optimization Runtime : Time (s): cpu = 00:00:18 ; elapsed = 00:00:26 . Memory (MB): peak = 1014.309 ; gain = 0.000
Synthesis Optimization Complete : Time (s): cpu = 00:00:26 ; elapsed = 00:00:29 . Memory (MB): peak = 1014.309 ; gain = 0.000
INFO: [Project 1-571] Translating synthesized netlist
Netlist sorting complete. Time (s): cpu = 00:00:00 ; elapsed = 00:00:00.004 . Memory (MB): peak = 1014.309 ; gain = 0.000
INFO: [Netlist 29-17] Analyzing 14 Unisim elements for replacement
INFO: [Netlist 29-28] Unisim Transformation completed in 0 CPU seconds
INFO: [Project 1-570] Preparing netlist for logic optimization
INFO: [Opt 31-138] Pushed 0 inverter(s) to 0 load pin(s).
Netlist sorting complete. Time (s): cpu = 00:00:00 ; elapsed = 00:00:00 . Memory (MB): peak = 1014.309 ; gain = 0.000
INFO: [Project 1-111] Unisim Transformation Summary:
No Unisim elements were transformed.

INFO: [Common 17-83] Releasing license: Synthesis
30 Infos, 1 Warnings, 1 Critical Warnings and 0 Errors encountered.
synth_design completed successfully
synth_design: Time (s): cpu = 00:00:31 ; elapsed = 00:00:38 . Memory (MB): peak = 1014.309 ; gain = 0.000
INFO: [Common 17-1381] The checkpoint 'E:/vivadoproject/tube_display/tube_display.runs/synth_1/tube_display.dcp' has been generated.
INFO: [runtcl-4] Executing : report_utilization -file tube_display_utilization_synth.rpt -pb tube_display_utilization_synth.pb
INFO: [Common 17-206] Exiting Vivado at Wed Dec 23 17:23:47 2020...
