
*** Running vivado
    with args -log Taxi.vds -m64 -product Vivado -mode batch -messageDb vivado.pb -notrace -source Taxi.tcl



****** Vivado v2020.1 (64-bit)
  **** SW Build 2902540 on Wed May 27 19:54:49 MDT 2020
  **** IP Build 2902112 on Wed May 27 22:43:36 MDT 2020
    ** Copyright 1986-2020 Xilinx, Inc. All Rights Reserved.

source Taxi.tcl -notrace
Command: synth_design -top Taxi -part xc7a100tcsg324-2L
Starting synth_design
Attempting to get a license for feature 'Synthesis' and/or device 'xc7a100t'
INFO: [Common 17-349] Got license for feature 'Synthesis' and/or device 'xc7a100t'
INFO: [Device 21-403] Loading part xc7a100tcsg324-2L
INFO: [Synth 8-7079] Multithreading enabled for synth_design using a maximum of 2 processes.
INFO: [Synth 8-7078] Launching helper process for spawning children vivado processes
INFO: [Synth 8-7075] Helper process launched with PID 14328
---------------------------------------------------------------------------------
Starting RTL Elaboration : Time (s): cpu = 00:00:05 ; elapsed = 00:00:05 . Memory (MB): peak = 1013.480 ; gain = 0.000
---------------------------------------------------------------------------------
INFO: [Synth 8-6157] synthesizing module 'Taxi' [D:/vivadoprog/SythExp_Taxi/SythExp_Taxi.srcs/sources_1/new/Taxi.v:22]
INFO: [Synth 8-6157] synthesizing module 'DivFreq_Display' [D:/vivadoprog/SythExp_Taxi/SythExp_Taxi.srcs/sources_1/new/DivFreq.v:23]
	Parameter num bound to: 10000 - type: integer 
INFO: [Synth 8-6155] done synthesizing module 'DivFreq_Display' (1#1) [D:/vivadoprog/SythExp_Taxi/SythExp_Taxi.srcs/sources_1/new/DivFreq.v:23]
INFO: [Synth 8-6157] synthesizing module 'DivFreq_Plus' [D:/vivadoprog/SythExp_Taxi/SythExp_Taxi.srcs/sources_1/new/DivFreq.v:46]
	Parameter num bound to: 50000000 - type: integer 
INFO: [Synth 8-6155] done synthesizing module 'DivFreq_Plus' (2#1) [D:/vivadoprog/SythExp_Taxi/SythExp_Taxi.srcs/sources_1/new/DivFreq.v:46]
INFO: [Synth 8-155] case statement is not full and has no default [D:/vivadoprog/SythExp_Taxi/SythExp_Taxi.srcs/sources_1/new/Taxi.v:108]
INFO: [Synth 8-6155] done synthesizing module 'Taxi' (3#1) [D:/vivadoprog/SythExp_Taxi/SythExp_Taxi.srcs/sources_1/new/Taxi.v:22]
---------------------------------------------------------------------------------
Finished RTL Elaboration : Time (s): cpu = 00:00:06 ; elapsed = 00:00:06 . Memory (MB): peak = 1013.480 ; gain = 0.000
---------------------------------------------------------------------------------
---------------------------------------------------------------------------------
Start Handling Custom Attributes
---------------------------------------------------------------------------------
---------------------------------------------------------------------------------
Finished Handling Custom Attributes : Time (s): cpu = 00:00:06 ; elapsed = 00:00:07 . Memory (MB): peak = 1013.480 ; gain = 0.000
---------------------------------------------------------------------------------
---------------------------------------------------------------------------------
Finished RTL Optimization Phase 1 : Time (s): cpu = 00:00:06 ; elapsed = 00:00:07 . Memory (MB): peak = 1013.480 ; gain = 0.000
---------------------------------------------------------------------------------
Netlist sorting complete. Time (s): cpu = 00:00:00 ; elapsed = 00:00:00.006 . Memory (MB): peak = 1013.480 ; gain = 0.000
INFO: [Project 1-570] Preparing netlist for logic optimization

Processing XDC Constraints
Initializing timing engine
Parsing XDC File [D:/vivadoprog/SythExp_Taxi/SythExp_Taxi.srcs/constrs_1/new/TaxiCons.xdc]
WARNING: [Vivado 12-507] No nets matched 'start__IBUF'. [D:/vivadoprog/SythExp_Taxi/SythExp_Taxi.srcs/constrs_1/new/TaxiCons.xdc:5]
CRITICAL WARNING: [Common 17-55] 'set_property' expects at least one object. [D:/vivadoprog/SythExp_Taxi/SythExp_Taxi.srcs/constrs_1/new/TaxiCons.xdc:5]
Resolution: If [get_<value>] was used to populate the object, check to make sure this command returns at least one valid object.
WARNING: [Vivado 12-507] No nets matched 'end__IBUF'. [D:/vivadoprog/SythExp_Taxi/SythExp_Taxi.srcs/constrs_1/new/TaxiCons.xdc:8]
CRITICAL WARNING: [Common 17-55] 'set_property' expects at least one object. [D:/vivadoprog/SythExp_Taxi/SythExp_Taxi.srcs/constrs_1/new/TaxiCons.xdc:8]
Resolution: If [get_<value>] was used to populate the object, check to make sure this command returns at least one valid object.
WARNING: [Vivado 12-584] No ports matched 'dis'. [D:/vivadoprog/SythExp_Taxi/SythExp_Taxi.srcs/constrs_1/new/TaxiCons.xdc:37]
CRITICAL WARNING: [Common 17-55] 'set_property' expects at least one object. [D:/vivadoprog/SythExp_Taxi/SythExp_Taxi.srcs/constrs_1/new/TaxiCons.xdc:37]
Resolution: If [get_<value>] was used to populate the object, check to make sure this command returns at least one valid object.
WARNING: [Vivado 12-584] No ports matched 'dis[15]'. [D:/vivadoprog/SythExp_Taxi/SythExp_Taxi.srcs/constrs_1/new/TaxiCons.xdc:38]
CRITICAL WARNING: [Common 17-55] 'set_property' expects at least one object. [D:/vivadoprog/SythExp_Taxi/SythExp_Taxi.srcs/constrs_1/new/TaxiCons.xdc:38]
Resolution: If [get_<value>] was used to populate the object, check to make sure this command returns at least one valid object.
WARNING: [Vivado 12-584] No ports matched 'dis[14]'. [D:/vivadoprog/SythExp_Taxi/SythExp_Taxi.srcs/constrs_1/new/TaxiCons.xdc:39]
CRITICAL WARNING: [Common 17-55] 'set_property' expects at least one object. [D:/vivadoprog/SythExp_Taxi/SythExp_Taxi.srcs/constrs_1/new/TaxiCons.xdc:39]
Resolution: If [get_<value>] was used to populate the object, check to make sure this command returns at least one valid object.
WARNING: [Vivado 12-584] No ports matched 'dis[13]'. [D:/vivadoprog/SythExp_Taxi/SythExp_Taxi.srcs/constrs_1/new/TaxiCons.xdc:40]
CRITICAL WARNING: [Common 17-55] 'set_property' expects at least one object. [D:/vivadoprog/SythExp_Taxi/SythExp_Taxi.srcs/constrs_1/new/TaxiCons.xdc:40]
Resolution: If [get_<value>] was used to populate the object, check to make sure this command returns at least one valid object.
WARNING: [Vivado 12-584] No ports matched 'dis[12]'. [D:/vivadoprog/SythExp_Taxi/SythExp_Taxi.srcs/constrs_1/new/TaxiCons.xdc:41]
CRITICAL WARNING: [Common 17-55] 'set_property' expects at least one object. [D:/vivadoprog/SythExp_Taxi/SythExp_Taxi.srcs/constrs_1/new/TaxiCons.xdc:41]
Resolution: If [get_<value>] was used to populate the object, check to make sure this command returns at least one valid object.
WARNING: [Vivado 12-584] No ports matched 'dis[11]'. [D:/vivadoprog/SythExp_Taxi/SythExp_Taxi.srcs/constrs_1/new/TaxiCons.xdc:42]
CRITICAL WARNING: [Common 17-55] 'set_property' expects at least one object. [D:/vivadoprog/SythExp_Taxi/SythExp_Taxi.srcs/constrs_1/new/TaxiCons.xdc:42]
Resolution: If [get_<value>] was used to populate the object, check to make sure this command returns at least one valid object.
WARNING: [Vivado 12-584] No ports matched 'dis[10]'. [D:/vivadoprog/SythExp_Taxi/SythExp_Taxi.srcs/constrs_1/new/TaxiCons.xdc:43]
CRITICAL WARNING: [Common 17-55] 'set_property' expects at least one object. [D:/vivadoprog/SythExp_Taxi/SythExp_Taxi.srcs/constrs_1/new/TaxiCons.xdc:43]
Resolution: If [get_<value>] was used to populate the object, check to make sure this command returns at least one valid object.
WARNING: [Vivado 12-584] No ports matched 'dis[9]'. [D:/vivadoprog/SythExp_Taxi/SythExp_Taxi.srcs/constrs_1/new/TaxiCons.xdc:44]
CRITICAL WARNING: [Common 17-55] 'set_property' expects at least one object. [D:/vivadoprog/SythExp_Taxi/SythExp_Taxi.srcs/constrs_1/new/TaxiCons.xdc:44]
Resolution: If [get_<value>] was used to populate the object, check to make sure this command returns at least one valid object.
WARNING: [Vivado 12-584] No ports matched 'dis[8]'. [D:/vivadoprog/SythExp_Taxi/SythExp_Taxi.srcs/constrs_1/new/TaxiCons.xdc:45]
CRITICAL WARNING: [Common 17-55] 'set_property' expects at least one object. [D:/vivadoprog/SythExp_Taxi/SythExp_Taxi.srcs/constrs_1/new/TaxiCons.xdc:45]
Resolution: If [get_<value>] was used to populate the object, check to make sure this command returns at least one valid object.
WARNING: [Vivado 12-584] No ports matched 'dis[7]'. [D:/vivadoprog/SythExp_Taxi/SythExp_Taxi.srcs/constrs_1/new/TaxiCons.xdc:46]
CRITICAL WARNING: [Common 17-55] 'set_property' expects at least one object. [D:/vivadoprog/SythExp_Taxi/SythExp_Taxi.srcs/constrs_1/new/TaxiCons.xdc:46]
Resolution: If [get_<value>] was used to populate the object, check to make sure this command returns at least one valid object.
WARNING: [Vivado 12-584] No ports matched 'dis[6]'. [D:/vivadoprog/SythExp_Taxi/SythExp_Taxi.srcs/constrs_1/new/TaxiCons.xdc:47]
CRITICAL WARNING: [Common 17-55] 'set_property' expects at least one object. [D:/vivadoprog/SythExp_Taxi/SythExp_Taxi.srcs/constrs_1/new/TaxiCons.xdc:47]
Resolution: If [get_<value>] was used to populate the object, check to make sure this command returns at least one valid object.
WARNING: [Vivado 12-584] No ports matched 'dis[5]'. [D:/vivadoprog/SythExp_Taxi/SythExp_Taxi.srcs/constrs_1/new/TaxiCons.xdc:48]
CRITICAL WARNING: [Common 17-55] 'set_property' expects at least one object. [D:/vivadoprog/SythExp_Taxi/SythExp_Taxi.srcs/constrs_1/new/TaxiCons.xdc:48]
Resolution: If [get_<value>] was used to populate the object, check to make sure this command returns at least one valid object.
WARNING: [Vivado 12-584] No ports matched 'dis[4]'. [D:/vivadoprog/SythExp_Taxi/SythExp_Taxi.srcs/constrs_1/new/TaxiCons.xdc:49]
CRITICAL WARNING: [Common 17-55] 'set_property' expects at least one object. [D:/vivadoprog/SythExp_Taxi/SythExp_Taxi.srcs/constrs_1/new/TaxiCons.xdc:49]
Resolution: If [get_<value>] was used to populate the object, check to make sure this command returns at least one valid object.
WARNING: [Vivado 12-584] No ports matched 'dis[3]'. [D:/vivadoprog/SythExp_Taxi/SythExp_Taxi.srcs/constrs_1/new/TaxiCons.xdc:50]
CRITICAL WARNING: [Common 17-55] 'set_property' expects at least one object. [D:/vivadoprog/SythExp_Taxi/SythExp_Taxi.srcs/constrs_1/new/TaxiCons.xdc:50]
Resolution: If [get_<value>] was used to populate the object, check to make sure this command returns at least one valid object.
WARNING: [Vivado 12-584] No ports matched 'dis[2]'. [D:/vivadoprog/SythExp_Taxi/SythExp_Taxi.srcs/constrs_1/new/TaxiCons.xdc:51]
CRITICAL WARNING: [Common 17-55] 'set_property' expects at least one object. [D:/vivadoprog/SythExp_Taxi/SythExp_Taxi.srcs/constrs_1/new/TaxiCons.xdc:51]
Resolution: If [get_<value>] was used to populate the object, check to make sure this command returns at least one valid object.
WARNING: [Vivado 12-584] No ports matched 'dis[1]'. [D:/vivadoprog/SythExp_Taxi/SythExp_Taxi.srcs/constrs_1/new/TaxiCons.xdc:52]
CRITICAL WARNING: [Common 17-55] 'set_property' expects at least one object. [D:/vivadoprog/SythExp_Taxi/SythExp_Taxi.srcs/constrs_1/new/TaxiCons.xdc:52]
Resolution: If [get_<value>] was used to populate the object, check to make sure this command returns at least one valid object.
WARNING: [Vivado 12-584] No ports matched 'dis[0]'. [D:/vivadoprog/SythExp_Taxi/SythExp_Taxi.srcs/constrs_1/new/TaxiCons.xdc:53]
CRITICAL WARNING: [Common 17-55] 'set_property' expects at least one object. [D:/vivadoprog/SythExp_Taxi/SythExp_Taxi.srcs/constrs_1/new/TaxiCons.xdc:53]
Resolution: If [get_<value>] was used to populate the object, check to make sure this command returns at least one valid object.
Finished Parsing XDC File [D:/vivadoprog/SythExp_Taxi/SythExp_Taxi.srcs/constrs_1/new/TaxiCons.xdc]
INFO: [Project 1-236] Implementation specific constraints were found while reading constraint file [D:/vivadoprog/SythExp_Taxi/SythExp_Taxi.srcs/constrs_1/new/TaxiCons.xdc]. These constraints will be ignored for synthesis but will be used in implementation. Impacted constraints are listed in the file [.Xil/Taxi_propImpl.xdc].
Resolution: To avoid this warning, move constraints listed in [.Xil/Taxi_propImpl.xdc] to another XDC file and exclude this new file from synthesis with the used_in_synthesis property (File Properties dialog in GUI) and re-run elaboration/synthesis.
Completed Processing XDC Constraints

Netlist sorting complete. Time (s): cpu = 00:00:00 ; elapsed = 00:00:00 . Memory (MB): peak = 1013.480 ; gain = 0.000
INFO: [Project 1-111] Unisim Transformation Summary:
No Unisim elements were transformed.

Constraint Validation Runtime : Time (s): cpu = 00:00:00 ; elapsed = 00:00:00.004 . Memory (MB): peak = 1013.480 ; gain = 0.000
---------------------------------------------------------------------------------
Finished Constraint Validation : Time (s): cpu = 00:00:13 ; elapsed = 00:00:14 . Memory (MB): peak = 1013.480 ; gain = 0.000
---------------------------------------------------------------------------------
---------------------------------------------------------------------------------
Start Loading Part and Timing Information
---------------------------------------------------------------------------------
Loading part: xc7a100tcsg324-2L
---------------------------------------------------------------------------------
Finished Loading Part and Timing Information : Time (s): cpu = 00:00:13 ; elapsed = 00:00:14 . Memory (MB): peak = 1013.480 ; gain = 0.000
---------------------------------------------------------------------------------
---------------------------------------------------------------------------------
Start Applying 'set_property' XDC Constraints
---------------------------------------------------------------------------------
---------------------------------------------------------------------------------
Finished applying 'set_property' XDC Constraints : Time (s): cpu = 00:00:13 ; elapsed = 00:00:14 . Memory (MB): peak = 1013.480 ; gain = 0.000
---------------------------------------------------------------------------------
---------------------------------------------------------------------------------
Finished RTL Optimization Phase 2 : Time (s): cpu = 00:00:14 ; elapsed = 00:00:15 . Memory (MB): peak = 1013.480 ; gain = 0.000
---------------------------------------------------------------------------------
---------------------------------------------------------------------------------
Start RTL Component Statistics 
---------------------------------------------------------------------------------
Detailed RTL Component Info : 
+---Adders : 
	   3 Input   16 Bit       Adders := 1     
	   2 Input   16 Bit       Adders := 3     
	   2 Input    4 Bit       Adders := 4     
	   3 Input    4 Bit       Adders := 2     
	   2 Input    3 Bit       Adders := 1     
+---Registers : 
	               32 Bit    Registers := 1     
	               16 Bit    Registers := 2     
	                8 Bit    Registers := 2     
	                4 Bit    Registers := 3     
	                3 Bit    Registers := 1     
	                1 Bit    Registers := 4     
+---Muxes : 
	   3 Input   16 Bit        Muxes := 2     
	   2 Input   16 Bit        Muxes := 4     
	   8 Input    8 Bit        Muxes := 2     
	   2 Input    4 Bit        Muxes := 7     
	   8 Input    3 Bit        Muxes := 1     
	   2 Input    1 Bit        Muxes := 10    
---------------------------------------------------------------------------------
Finished RTL Component Statistics 
---------------------------------------------------------------------------------
---------------------------------------------------------------------------------
Start Part Resource Summary
---------------------------------------------------------------------------------
Part Resources:
DSPs: 240 (col length:80)
BRAMs: 270 (col length: RAMB18 80 RAMB36 40)
---------------------------------------------------------------------------------
Finished Part Resource Summary
---------------------------------------------------------------------------------
---------------------------------------------------------------------------------
Start Cross Boundary and Area Optimization
---------------------------------------------------------------------------------
---------------------------------------------------------------------------------
Finished Cross Boundary and Area Optimization : Time (s): cpu = 00:00:31 ; elapsed = 00:00:33 . Memory (MB): peak = 1127.012 ; gain = 113.531
---------------------------------------------------------------------------------
---------------------------------------------------------------------------------
Start Applying XDC Timing Constraints
---------------------------------------------------------------------------------
---------------------------------------------------------------------------------
Finished Applying XDC Timing Constraints : Time (s): cpu = 00:00:40 ; elapsed = 00:00:41 . Memory (MB): peak = 1127.012 ; gain = 113.531
---------------------------------------------------------------------------------
---------------------------------------------------------------------------------
Start Timing Optimization
---------------------------------------------------------------------------------
---------------------------------------------------------------------------------
Finished Timing Optimization : Time (s): cpu = 00:00:40 ; elapsed = 00:00:41 . Memory (MB): peak = 1127.012 ; gain = 113.531
---------------------------------------------------------------------------------
---------------------------------------------------------------------------------
Start Technology Mapping
---------------------------------------------------------------------------------
---------------------------------------------------------------------------------
Finished Technology Mapping : Time (s): cpu = 00:00:41 ; elapsed = 00:00:42 . Memory (MB): peak = 1127.012 ; gain = 113.531
---------------------------------------------------------------------------------
---------------------------------------------------------------------------------
Start IO Insertion
---------------------------------------------------------------------------------
---------------------------------------------------------------------------------
Start Flattening Before IO Insertion
---------------------------------------------------------------------------------
---------------------------------------------------------------------------------
Finished Flattening Before IO Insertion
---------------------------------------------------------------------------------
---------------------------------------------------------------------------------
Start Final Netlist Cleanup
---------------------------------------------------------------------------------
---------------------------------------------------------------------------------
Finished Final Netlist Cleanup
---------------------------------------------------------------------------------
---------------------------------------------------------------------------------
Finished IO Insertion : Time (s): cpu = 00:00:45 ; elapsed = 00:00:47 . Memory (MB): peak = 1127.012 ; gain = 113.531
---------------------------------------------------------------------------------
---------------------------------------------------------------------------------
Start Renaming Generated Instances
---------------------------------------------------------------------------------
---------------------------------------------------------------------------------
Finished Renaming Generated Instances : Time (s): cpu = 00:00:45 ; elapsed = 00:00:47 . Memory (MB): peak = 1127.012 ; gain = 113.531
---------------------------------------------------------------------------------
---------------------------------------------------------------------------------
Start Rebuilding User Hierarchy
---------------------------------------------------------------------------------
---------------------------------------------------------------------------------
Finished Rebuilding User Hierarchy : Time (s): cpu = 00:00:45 ; elapsed = 00:00:47 . Memory (MB): peak = 1127.012 ; gain = 113.531
---------------------------------------------------------------------------------
---------------------------------------------------------------------------------
Start Renaming Generated Ports
---------------------------------------------------------------------------------
---------------------------------------------------------------------------------
Finished Renaming Generated Ports : Time (s): cpu = 00:00:45 ; elapsed = 00:00:47 . Memory (MB): peak = 1127.012 ; gain = 113.531
---------------------------------------------------------------------------------
---------------------------------------------------------------------------------
Start Handling Custom Attributes
---------------------------------------------------------------------------------
---------------------------------------------------------------------------------
Finished Handling Custom Attributes : Time (s): cpu = 00:00:45 ; elapsed = 00:00:47 . Memory (MB): peak = 1127.012 ; gain = 113.531
---------------------------------------------------------------------------------
---------------------------------------------------------------------------------
Start Renaming Generated Nets
---------------------------------------------------------------------------------
---------------------------------------------------------------------------------
Finished Renaming Generated Nets : Time (s): cpu = 00:00:45 ; elapsed = 00:00:47 . Memory (MB): peak = 1127.012 ; gain = 113.531
---------------------------------------------------------------------------------
---------------------------------------------------------------------------------
Start Writing Synthesis Report
---------------------------------------------------------------------------------

Report BlackBoxes: 
+-+--------------+----------+
| |BlackBox name |Instances |
+-+--------------+----------+
+-+--------------+----------+

Report Cell Usage: 
+------+-------+------+
|      |Cell   |Count |
+------+-------+------+
|1     |BUFG   |     4|
|2     |CARRY4 |    93|
|3     |LUT1   |    15|
|4     |LUT2   |   157|
|5     |LUT3   |   119|
|6     |LUT4   |   138|
|7     |LUT5   |   100|
|8     |LUT6   |   225|
|9     |MUXF7  |     7|
|10    |FDCE   |    94|
|11    |FDPE   |    16|
|12    |FDRE   |    32|
|13    |LDC    |     2|
|14    |IBUF   |     7|
|15    |OBUF   |    16|
+------+-------+------+
---------------------------------------------------------------------------------
Finished Writing Synthesis Report : Time (s): cpu = 00:00:45 ; elapsed = 00:00:47 . Memory (MB): peak = 1127.012 ; gain = 113.531
---------------------------------------------------------------------------------
Synthesis finished with 0 errors, 0 critical warnings and 0 warnings.
Synthesis Optimization Runtime : Time (s): cpu = 00:00:37 ; elapsed = 00:00:45 . Memory (MB): peak = 1127.012 ; gain = 113.531
Synthesis Optimization Complete : Time (s): cpu = 00:00:46 ; elapsed = 00:00:47 . Memory (MB): peak = 1127.012 ; gain = 113.531
INFO: [Project 1-571] Translating synthesized netlist
Netlist sorting complete. Time (s): cpu = 00:00:00 ; elapsed = 00:00:00.012 . Memory (MB): peak = 1127.012 ; gain = 0.000
INFO: [Netlist 29-17] Analyzing 102 Unisim elements for replacement
INFO: [Netlist 29-28] Unisim Transformation completed in 0 CPU seconds
INFO: [Project 1-570] Preparing netlist for logic optimization
INFO: [Opt 31-138] Pushed 1 inverter(s) to 1 load pin(s).
Netlist sorting complete. Time (s): cpu = 00:00:00 ; elapsed = 00:00:00 . Memory (MB): peak = 1127.012 ; gain = 0.000
INFO: [Project 1-111] Unisim Transformation Summary:
  A total of 2 instances were transformed.
  LDC => LDCE: 1 instance 
  LDC => LDCE (inverted pins: G): 1 instance 

INFO: [Common 17-83] Releasing license: Synthesis
22 Infos, 19 Warnings, 19 Critical Warnings and 0 Errors encountered.
synth_design completed successfully
synth_design: Time (s): cpu = 00:00:52 ; elapsed = 00:00:54 . Memory (MB): peak = 1127.012 ; gain = 113.531
INFO: [Common 17-1381] The checkpoint 'D:/vivadoprog/SythExp_Taxi/SythExp_Taxi.runs/synth_1/Taxi.dcp' has been generated.
INFO: [runtcl-4] Executing : report_utilization -file Taxi_utilization_synth.rpt -pb Taxi_utilization_synth.pb
INFO: [Common 17-206] Exiting Vivado at Fri Jan  8 22:31:59 2021...
