Copyright 1986-2020 Xilinx, Inc. All Rights Reserved.
-------------------------------------------------------------------------------------------------------------------------------
| Tool Version     : Vivado v.2020.1 (win64) Build 2902540 Wed May 27 19:54:49 MDT 2020
| Date             : Sat Jun 19 10:12:09 2021
| Host             : DESKTOP-J89QRPS running 64-bit major release  (build 9200)
| Command          : report_power -file CPU_power_routed.rpt -pb CPU_power_summary_routed.pb -rpx CPU_power_routed.rpx
| Design           : CPU
| Device           : xc7a100tlcsg324-2L
| Design State     : routed
| Grade            : extended
| Process          : typical
| Characterization : Production
-------------------------------------------------------------------------------------------------------------------------------

Power Report

Table of Contents
-----------------
1. Summary
1.1 On-Chip Components
1.2 Power Supply Summary
1.3 Confidence Level
2. Settings
2.1 Environment
2.2 Clock Constraints
3. Detailed Reports
3.1 By Hierarchy

1. Summary
----------

+--------------------------+--------------+
| Total On-Chip Power (W)  | 9.605        |
| Design Power Budget (W)  | Unspecified* |
| Power Budget Margin (W)  | NA           |
| Dynamic (W)              | 9.460        |
| Device Static (W)        | 0.146        |
| Effective TJA (C/W)      | 4.6          |
| Max Ambient (C)          | 56.2         |
| Junction Temperature (C) | 68.8         |
| Confidence Level         | Low          |
| Setting File             | ---          |
| Simulation Activity File | ---          |
| Design Nets Matched      | NA           |
+--------------------------+--------------+
* Specify Design Power Budget using, set_operating_conditions -design_power_budget <value in Watts>


1.1 On-Chip Components
----------------------

+----------------+-----------+----------+-----------+-----------------+
| On-Chip        | Power (W) | Used     | Available | Utilization (%) |
+----------------+-----------+----------+-----------+-----------------+
| Slice Logic    |     4.111 |     3419 |       --- |             --- |
|   LUT as Logic |     3.884 |     1543 |     63400 |            2.43 |
|   CARRY4       |     0.131 |       52 |     15850 |            0.33 |
|   Register     |     0.049 |     1399 |    126800 |            1.10 |
|   BUFG         |     0.029 |        5 |        32 |           15.63 |
|   F7/F8 Muxes  |     0.018 |      288 |     63400 |            0.45 |
|   Others       |     0.000 |       26 |       --- |             --- |
| Signals        |     5.103 |     2700 |       --- |             --- |
| Block RAM      |     0.218 |        1 |       135 |            0.74 |
| I/O            |     0.027 |       26 |       210 |           12.38 |
| Static Power   |     0.146 |          |           |                 |
| Total          |     9.605 |          |           |                 |
+----------------+-----------+----------+-----------+-----------------+


1.2 Power Supply Summary
------------------------

+-----------+-------------+-----------+-------------+------------+-------------+-------------+------------+
| Source    | Voltage (V) | Total (A) | Dynamic (A) | Static (A) | Powerup (A) | Budget (A)  | Margin (A) |
+-----------+-------------+-----------+-------------+------------+-------------+-------------+------------+
| Vccint    |       0.900 |    10.538 |      10.479 |      0.058 |       NA    | Unspecified | NA         |
| Vccaux    |       1.800 |     0.027 |       0.001 |      0.027 |       NA    | Unspecified | NA         |
| Vcco33    |       3.300 |     0.000 |       0.000 |      0.000 |       NA    | Unspecified | NA         |
| Vcco25    |       2.500 |     0.000 |       0.000 |      0.000 |       NA    | Unspecified | NA         |
| Vcco18    |       1.800 |     0.008 |       0.004 |      0.004 |       NA    | Unspecified | NA         |
| Vcco15    |       1.500 |     0.000 |       0.000 |      0.000 |       NA    | Unspecified | NA         |
| Vcco135   |       1.350 |     0.000 |       0.000 |      0.000 |       NA    | Unspecified | NA         |
| Vcco12    |       1.200 |     0.000 |       0.000 |      0.000 |       NA    | Unspecified | NA         |
| Vccaux_io |       1.800 |     0.000 |       0.000 |      0.000 |       NA    | Unspecified | NA         |
| Vccbram   |       1.000 |     0.021 |       0.019 |      0.002 |       NA    | Unspecified | NA         |
| MGTAVcc   |       1.000 |     0.000 |       0.000 |      0.000 |       NA    | Unspecified | NA         |
| MGTAVtt   |       1.200 |     0.000 |       0.000 |      0.000 |       NA    | Unspecified | NA         |
| Vccadc    |       1.800 |     0.020 |       0.000 |      0.020 |       NA    | Unspecified | NA         |
+-----------+-------------+-----------+-------------+------------+-------------+-------------+------------+


1.3 Confidence Level
--------------------

+-----------------------------+------------+--------------------------------------------------------+--------------------------------------------------------------------------------------------------------------------+
| User Input Data             | Confidence | Details                                                | Action                                                                                                             |
+-----------------------------+------------+--------------------------------------------------------+--------------------------------------------------------------------------------------------------------------------+
| Design implementation state | High       | Design is routed                                       |                                                                                                                    |
| Clock nodes activity        | Low        | User specified less than 75% of clocks                 | Provide missing clock activity with a constraint file, simulation results or by editing the "By Clock Domain" view |
| I/O nodes activity          | Low        | More than 75% of inputs are missing user specification | Provide missing input activity with simulation results or by editing the "By Resource Type -> I/Os" view           |
| Internal nodes activity     | Medium     | User specified less than 25% of internal nodes         | Provide missing internal nodes activity with simulation results or by editing the "By Resource Type" views         |
| Device models               | High       | Device models are Production                           |                                                                                                                    |
|                             |            |                                                        |                                                                                                                    |
| Overall confidence level    | Low        |                                                        |                                                                                                                    |
+-----------------------------+------------+--------------------------------------------------------+--------------------------------------------------------------------------------------------------------------------+


2. Settings
-----------

2.1 Environment
---------------

+-----------------------+--------------------------+
| Ambient Temp (C)      | 25.0                     |
| ThetaJA (C/W)         | 4.6                      |
| Airflow (LFM)         | 250                      |
| Heat Sink             | medium (Medium Profile)  |
| ThetaSA (C/W)         | 4.6                      |
| Board Selection       | medium (10"x10")         |
| # of Board Layers     | 12to15 (12 to 15 Layers) |
| Board Temperature (C) | 25.0                     |
+-----------------------+--------------------------+


2.2 Clock Constraints
---------------------

+-------+--------+-----------------+
| Clock | Domain | Constraint (ns) |
+-------+--------+-----------------+


3. Detailed Reports
-------------------

3.1 By Hierarchy
----------------

+------------------------+-----------+
| Name                   | Power (W) |
+------------------------+-----------+
| CPU                    |     9.460 |
|   nolabel_line923      |     0.216 |
|   nolabel_line929      |     0.409 |
|   uut1                 |     0.086 |
|   uut10                |     1.605 |
|   uut11                |     1.071 |
|   uut12                |     1.417 |
|   uut15                |     0.105 |
|     U0                 |     0.105 |
|       inst_blk_mem_gen |     0.105 |
|   uut16                |     0.051 |
|   uut2                 |     0.071 |
|   uut3                 |     0.046 |
|   uut4                 |     0.363 |
|   uut5                 |     0.274 |
|     U0                 |     0.274 |
|       inst_blk_mem_gen |     0.274 |
|   uut6                 |     2.128 |
|   uut7                 |     0.182 |
|   uut8                 |     0.064 |
|   uut9                 |     1.112 |
+------------------------+-----------+


